<?xml version="1.0" encoding="UTF-8"?>
<testng-results ignored="0" total="2" passed="2" failed="0" skipped="0">
  <reporter-output>
  </reporter-output>
  <suite started-at="2023-07-02T19:51:43 IST" name="Default suite" finished-at="2023-07-02T19:51:44 IST" duration-ms="921">
    <groups>
    </groups>
    <test started-at="2023-07-02T19:51:43 IST" name="Default test" finished-at="2023-07-02T19:51:44 IST" duration-ms="921">
      <class name="spring.orm.test.controllers.SpecializationControllerTest">
        <test-method signature="testDeleteSpecialization()[pri:0, instance:spring.orm.test.controllers.SpecializationControllerTest@f9879ac]" started-at="2023-07-02T19:51:43 IST" name="testDeleteSpecialization" finished-at="2023-07-02T19:51:43 IST" duration-ms="797" status="PASS">
          <reporter-output>
          </reporter-output>
        </test-method> <!-- testDeleteSpecialization -->
        <test-method signature="testGetSpecialization()[pri:0, instance:spring.orm.test.controllers.SpecializationControllerTest@f9879ac]" started-at="2023-07-02T19:51:44 IST" name="testGetSpecialization" finished-at="2023-07-02T19:51:44 IST" duration-ms="66" status="PASS">
          <reporter-output>
          </reporter-output>
        </test-method> <!-- testGetSpecialization -->
      </class> <!-- spring.orm.test.controllers.SpecializationControllerTest -->
    </test> <!-- Default test -->
  </suite> <!-- Default suite -->
</testng-results>
