<?xml version="1.0" encoding="UTF-8"?>
<testng-results ignored="0" total="2" passed="2" failed="0" skipped="0">
  <reporter-output>
  </reporter-output>
  <suite started-at="2023-07-03T10:00:28 IST" name="Default suite" finished-at="2023-07-03T10:00:30 IST" duration-ms="1791">
    <groups>
    </groups>
    <test started-at="2023-07-03T10:00:28 IST" name="Default test" finished-at="2023-07-03T10:00:30 IST" duration-ms="1791">
      <class name="spring.orm.test.services.PaymentServicesTest">
        <test-method is-config="true" signature="setUp()[pri:0, instance:spring.orm.test.services.PaymentServicesTest@34f7234e]" started-at="2023-07-03T10:00:28 IST" name="setUp" finished-at="2023-07-03T10:00:28 IST" duration-ms="405" status="PASS">
          <reporter-output>
          </reporter-output>
        </test-method> <!-- setUp -->
        <test-method signature="testMakeAppointmentPayment()[pri:0, instance:spring.orm.test.services.PaymentServicesTest@34f7234e]" started-at="2023-07-03T10:00:28 IST" name="testMakeAppointmentPayment" finished-at="2023-07-03T10:00:29 IST" duration-ms="836" status="PASS">
          <reporter-output>
          </reporter-output>
        </test-method> <!-- testMakeAppointmentPayment -->
        <test-method is-config="true" signature="setUp()[pri:0, instance:spring.orm.test.services.PaymentServicesTest@34f7234e]" started-at="2023-07-03T10:00:29 IST" name="setUp" finished-at="2023-07-03T10:00:29 IST" duration-ms="4" status="PASS">
          <reporter-output>
          </reporter-output>
        </test-method> <!-- setUp -->
        <test-method signature="testMakeTestPayment()[pri:0, instance:spring.orm.test.services.PaymentServicesTest@34f7234e]" started-at="2023-07-03T10:00:29 IST" name="testMakeTestPayment" finished-at="2023-07-03T10:00:30 IST" duration-ms="517" status="PASS">
          <reporter-output>
          </reporter-output>
        </test-method> <!-- testMakeTestPayment -->
      </class> <!-- spring.orm.test.services.PaymentServicesTest -->
    </test> <!-- Default test -->
  </suite> <!-- Default suite -->
</testng-results>
